<?xml version="1.0" encoding="UTF-8"?>
<testng-results ignored="0" total="1" passed="1" failed="0" skipped="0">
  <reporter-output>
  </reporter-output>
  <suite started-at="2021-04-11T16:15:39 IST" name="Suite" finished-at="2021-04-11T16:15:52 IST" duration-ms="12398">
    <groups>
      <group name="cucumber">
        <method signature="AbstractTestNGCucumberTests.feature(cucumber.api.testng.CucumberFeatureWrapper)[pri:0, instance:cucumberOptions.TestRunnerTestNG@4f2b503c]" name="feature" class="cucumber.api.testng.AbstractTestNGCucumberTests"/>
      </group> <!-- cucumber -->
    </groups>
    <test started-at="2021-04-11T16:15:39 IST" name="Test" finished-at="2021-04-11T16:15:52 IST" duration-ms="12398">
      <class name="cucumberOptions.TestRunnerTestNG">
        <test-method is-config="true" signature="setUpClass()[pri:0, instance:cucumberOptions.TestRunnerTestNG@4f2b503c]" started-at="2021-04-11T16:15:39 IST" name="setUpClass" finished-at="2021-04-11T16:15:40 IST" duration-ms="272" status="PASS">
          <reporter-output>
          </reporter-output>
        </test-method> <!-- setUpClass -->
        <test-method signature="feature(cucumber.api.testng.CucumberFeatureWrapper)[pri:0, instance:cucumberOptions.TestRunnerTestNG@4f2b503c]" started-at="2021-04-11T16:15:40 IST" name="feature" description="Runs Cucumber Feature" data-provider="features" finished-at="2021-04-11T16:15:52 IST" duration-ms="11985" status="PASS">
          <params>
            <param index="0">
              <value>
                <![CDATA[Login to Application feature]]>
              </value>
            </param>
          </params>
          <reporter-output>
          </reporter-output>
        </test-method> <!-- feature -->
        <test-method is-config="true" signature="tearDownClass()[pri:0, instance:cucumberOptions.TestRunnerTestNG@4f2b503c]" started-at="2021-04-11T16:15:52 IST" name="tearDownClass" finished-at="2021-04-11T16:15:52 IST" duration-ms="5" status="PASS">
          <reporter-output>
          </reporter-output>
        </test-method> <!-- tearDownClass -->
      </class> <!-- cucumberOptions.TestRunnerTestNG -->
    </test> <!-- Test -->
  </suite> <!-- Suite -->
</testng-results>
