<?xml version="1.0" encoding="UTF-8"?>
<testng-results ignored="0" total="1" passed="1" failed="0" skipped="0">
  <reporter-output>
  </reporter-output>
  <suite started-at="2021-04-11T16:14:01 IST" name="Suite" finished-at="2021-04-11T16:14:11 IST" duration-ms="10650">
    <groups>
      <group name="cucumber">
        <method signature="AbstractTestNGCucumberTests.feature(cucumber.api.testng.CucumberFeatureWrapper)[pri:0, instance:cucumberOptions.TestRunnerTestNG@48075da3]" name="feature" class="cucumber.api.testng.AbstractTestNGCucumberTests"/>
      </group> <!-- cucumber -->
    </groups>
    <test started-at="2021-04-11T16:14:01 IST" name="Test" finished-at="2021-04-11T16:14:11 IST" duration-ms="10650">
      <class name="cucumberOptions.TestRunnerTestNG">
        <test-method is-config="true" signature="setUpClass()[pri:0, instance:cucumberOptions.TestRunnerTestNG@48075da3]" started-at="2021-04-11T16:14:01 IST" name="setUpClass" finished-at="2021-04-11T16:14:01 IST" duration-ms="281" status="PASS">
          <reporter-output>
          </reporter-output>
        </test-method> <!-- setUpClass -->
        <test-method signature="feature(cucumber.api.testng.CucumberFeatureWrapper)[pri:0, instance:cucumberOptions.TestRunnerTestNG@48075da3]" started-at="2021-04-11T16:14:01 IST" name="feature" description="Runs Cucumber Feature" data-provider="features" finished-at="2021-04-11T16:14:11 IST" duration-ms="10194" status="PASS">
          <params>
            <param index="0">
              <value>
                <![CDATA[Login to Application feature]]>
              </value>
            </param>
          </params>
          <reporter-output>
          </reporter-output>
        </test-method> <!-- feature -->
        <test-method is-config="true" signature="tearDownClass()[pri:0, instance:cucumberOptions.TestRunnerTestNG@48075da3]" started-at="2021-04-11T16:14:11 IST" name="tearDownClass" finished-at="2021-04-11T16:14:11 IST" duration-ms="8" status="PASS">
          <reporter-output>
          </reporter-output>
        </test-method> <!-- tearDownClass -->
      </class> <!-- cucumberOptions.TestRunnerTestNG -->
    </test> <!-- Test -->
  </suite> <!-- Suite -->
</testng-results>
